<?xml version="1.0" encoding="UTF-8"?>
<!-- Generated by org.testng.reporters.JUnitXMLReporter -->
<testsuite ignored="0" hostname="DESKTOP-J6LSAH9" failures="0" tests="6" name="Default test" time="16.213" errors="0" timestamp="2023-10-06T15:45:58 IST">
  <testcase classname="com.ict.scripts.TestAdmin" name="AdminLoginDashboard" time="5.071"/>
  <testcase classname="com.ict.scripts.TestAdmin" name="viewallcurriculum" time="0.58"/>
  <testcase classname="com.ict.scripts.TestAdmin" name="verifydeleteoption" time="1.998"/>
  <testcase classname="com.ict.scripts.TestAdmin" name="viewapprovedcurriculums" time="0.355"/>
  <testcase classname="com.ict.scripts.TestAdmin" name="viewpendingcurriculums" time="0.431"/>
  <testcase classname="com.ict.scripts.TestAdmin" name="VerifyApprovingcurriculum" time="3.307"/>
</testsuite> <!-- Default test -->
