<?xml version="1.0" encoding="UTF-8"?>
<testng-results ignored="0" total="6" passed="6" failed="0" skipped="0">
  <reporter-output>
  </reporter-output>
  <suite started-at="2023-10-06T15:45:42 IST" name="Default suite" finished-at="2023-10-06T15:45:58 IST" duration-ms="16213">
    <groups>
    </groups>
    <test started-at="2023-10-06T15:45:42 IST" name="Default test" finished-at="2023-10-06T15:45:58 IST" duration-ms="16213">
      <class name="com.ict.scripts.TestAdmin">
        <test-method is-config="true" signature="setUP()[pri:0, instance:com.ict.scripts.TestAdmin@51399530]" started-at="2023-10-06T15:45:42 IST" name="setUP" finished-at="2023-10-06T15:45:46 IST" duration-ms="4208" status="PASS">
          <reporter-output>
          </reporter-output>
        </test-method> <!-- setUP -->
        <test-method signature="AdminLoginDashboard()[pri:1, instance:com.ict.scripts.TestAdmin@51399530]" started-at="2023-10-06T15:45:46 IST" name="AdminLoginDashboard" finished-at="2023-10-06T15:45:51 IST" duration-ms="5071" status="PASS">
          <reporter-output>
          </reporter-output>
        </test-method> <!-- AdminLoginDashboard -->
        <test-method signature="viewallcurriculum()[pri:2, instance:com.ict.scripts.TestAdmin@51399530]" started-at="2023-10-06T15:45:51 IST" name="viewallcurriculum" finished-at="2023-10-06T15:45:52 IST" duration-ms="580" status="PASS">
          <reporter-output>
          </reporter-output>
        </test-method> <!-- viewallcurriculum -->
        <test-method signature="verifydeleteoption()[pri:3, instance:com.ict.scripts.TestAdmin@51399530]" started-at="2023-10-06T15:45:52 IST" name="verifydeleteoption" finished-at="2023-10-06T15:45:54 IST" duration-ms="1998" status="PASS">
          <reporter-output>
          </reporter-output>
        </test-method> <!-- verifydeleteoption -->
        <test-method signature="viewapprovedcurriculums()[pri:4, instance:com.ict.scripts.TestAdmin@51399530]" started-at="2023-10-06T15:45:54 IST" name="viewapprovedcurriculums" finished-at="2023-10-06T15:45:54 IST" duration-ms="355" status="PASS">
          <reporter-output>
          </reporter-output>
        </test-method> <!-- viewapprovedcurriculums -->
        <test-method signature="viewpendingcurriculums()[pri:5, instance:com.ict.scripts.TestAdmin@51399530]" started-at="2023-10-06T15:45:54 IST" name="viewpendingcurriculums" finished-at="2023-10-06T15:45:55 IST" duration-ms="431" status="PASS">
          <reporter-output>
          </reporter-output>
        </test-method> <!-- viewpendingcurriculums -->
        <test-method signature="VerifyApprovingcurriculum()[pri:6, instance:com.ict.scripts.TestAdmin@51399530]" started-at="2023-10-06T15:45:55 IST" name="VerifyApprovingcurriculum" finished-at="2023-10-06T15:45:58 IST" duration-ms="3307" status="PASS">
          <reporter-output>
          </reporter-output>
        </test-method> <!-- VerifyApprovingcurriculum -->
        <test-method is-config="true" signature="Teardown()[pri:0, instance:com.ict.scripts.TestAdmin@51399530]" started-at="2023-10-06T15:45:58 IST" name="Teardown" finished-at="2023-10-06T15:45:58 IST" duration-ms="136" status="PASS">
          <reporter-output>
          </reporter-output>
        </test-method> <!-- Teardown -->
      </class> <!-- com.ict.scripts.TestAdmin -->
    </test> <!-- Default test -->
  </suite> <!-- Default suite -->
</testng-results>
